<?xml version="1.0" encoding="UTF-8"?>
<testsuite name="uploadTest" tests="1" skipped="0" failures="0" errors="0" timestamp="2019-02-07T09:48:42" hostname="Benui-MacBook-Pro.local" time="0.003">
  <properties/>
  <testcase name="test" classname="uploadTest" time="0.003"/>
  <system-out><![CDATA[]]></system-out>
  <system-err><![CDATA[]]></system-err>
</testsuite>
